Hit http://us.archive.ubuntu.com lucid Release.gpg
Ign http://us.archive.ubuntu.com/ubuntu/ lucid/main Translation-en_US
Ign http://us.archive.ubuntu.com/ubuntu/ lucid/restricted Translation-en_US
Hit http://security.ubuntu.com lucid-security Release.gpg
Ign http://security.ubuntu.com/ubuntu/ lucid-security/main Translation-en_US
Ign http://security.ubuntu.com/ubuntu/ lucid-security/restricted Translation-en_US
Hit http://archive.canonical.com lucid Release.gpg
Ign http://archive.canonical.com/ lucid/partner Translation-en_US
Ign http://us.archive.ubuntu.com/ubuntu/ lucid/universe Translation-en_US
Ign http://us.archive.ubuntu.com/ubuntu/ lucid/multiverse Translation-en_US
Hit http://us.archive.ubuntu.com lucid-updates Release.gpg
Ign http://us.archive.ubuntu.com/ubuntu/ lucid-updates/main Translation-en_US
Ign http://us.archive.ubuntu.com/ubuntu/ lucid-updates/restricted Translation-en_US
Ign http://us.archive.ubuntu.com/ubuntu/ lucid-updates/universe Translation-en_US
Ign http://us.archive.ubuntu.com/ubuntu/ lucid-updates/multiverse Translation-en_US
Hit http://us.archive.ubuntu.com lucid Release
Ign http://security.ubuntu.com/ubuntu/ lucid-security/universe Translation-en_US
Ign http://security.ubuntu.com/ubuntu/ lucid-security/multiverse Translation-en_US
Hit http://security.ubuntu.com lucid-security Release
Hit http://archive.canonical.com lucid Release
Hit http://us.archive.ubuntu.com lucid-updates Release
Hit http://us.archive.ubuntu.com lucid/main Packages
Hit http://security.ubuntu.com lucid-security/main Packages
Hit http://archive.canonical.com lucid/partner Packages
Hit http://us.archive.ubuntu.com lucid/restricted Packages
Hit http://us.archive.ubuntu.com lucid/main Sources
Hit http://us.archive.ubuntu.com lucid/restricted Sources
Hit http://us.archive.ubuntu.com lucid/universe Packages
Hit http://us.archive.ubuntu.com lucid/universe Sources
Hit http://security.ubuntu.com lucid-security/restricted Packages
Hit http://security.ubuntu.com lucid-security/main Sources
Hit http://security.ubuntu.com lucid-security/restricted Sources
Hit http://security.ubuntu.com lucid-security/universe Packages
Hit http://security.ubuntu.com lucid-security/universe Sources
Hit http://security.ubuntu.com lucid-security/multiverse Packages
Hit http://us.archive.ubuntu.com lucid/multiverse Packages
Hit http://us.archive.ubuntu.com lucid/multiverse Sources
Hit http://us.archive.ubuntu.com lucid-updates/main Packages
Hit http://us.archive.ubuntu.com lucid-updates/restricted Packages
Hit http://us.archive.ubuntu.com lucid-updates/main Sources
Hit http://security.ubuntu.com lucid-security/multiverse Sources
Hit http://us.archive.ubuntu.com lucid-updates/restricted Sources
Hit http://us.archive.ubuntu.com lucid-updates/universe Packages
Hit http://us.archive.ubuntu.com lucid-updates/universe Sources
Hit http://us.archive.ubuntu.com lucid-updates/multiverse Packages
Hit http://us.archive.ubuntu.com lucid-updates/multiverse Sources
Hit http://pkg.jenkins-ci.org binary/ Release.gpg
Ign http://pkg.jenkins-ci.org/debian/ binary/ Translation-en_US
Hit http://pkg.jenkins-ci.org binary/ Release
Hit http://pkg.jenkins-ci.org binary/ Packages
Reading package lists...
install ok installed